<?xml version="1.0" encoding="UTF-8"?>
<!-- Generated by org.testng.reporters.JUnitXMLReporter -->
<testsuite hostname="Balajis-MBP.lan" ignored="0" name="Default test" tests="3" failures="0" timestamp="2022-12-22T17:31:52 CST" time="0.039" errors="0">
  <testcase name="test1" time="0.008" classname="sprint1JavaPro.anagram.AnagramPro"/>
  <testcase name="test2" time="0.001" classname="sprint1JavaPro.anagram.AnagramPro"/>
  <testcase name="test3" time="0.001" classname="sprint1JavaPro.anagram.AnagramPro"/>
</testsuite> <!-- Default test -->
