<?xml version="1.0" encoding="UTF-8"?>
<!-- Generated by org.testng.reporters.JUnitXMLReporter -->
<testsuite hostname="Balajis-MBP.lan" ignored="2" name="Default test" tests="1" failures="0" timestamp="2023-01-03T11:57:28 CST" time="0.042" errors="0">
  <testcase name="test1" time="0.01" classname="mathChallenge.MathChallenge"/>
  <testcase name="test2" time="0.0" classname="mathChallenge.MathChallenge">
    <ignored/>
  </testcase> <!-- test2 -->
  <testcase name="test3" time="0.0" classname="mathChallenge.MathChallenge">
    <ignored/>
  </testcase> <!-- test3 -->
</testsuite> <!-- Default test -->
