<?xml version="1.0" encoding="UTF-8"?>
<testng-results skipped="0" failed="0" ignored="2" total="3" passed="1">
  <reporter-output>
  </reporter-output>
  <suite name="Default suite" duration-ms="42" started-at="2023-01-03T11:57:27 CST" finished-at="2023-01-03T11:57:27 CST">
    <groups>
    </groups>
    <test name="Default test" duration-ms="42" started-at="2023-01-03T11:57:27 CST" finished-at="2023-01-03T11:57:27 CST">
      <class name="mathChallenge.MathChallenge">
        <test-method status="PASS" signature="test1()[pri:0, instance:mathChallenge.MathChallenge@64f6106c]" name="test1" duration-ms="10" started-at="2023-01-03T11:57:27 CST" finished-at="2023-01-03T11:57:27 CST">
          <reporter-output>
          </reporter-output>
        </test-method> <!-- test1 -->
      </class> <!-- mathChallenge.MathChallenge -->
    </test> <!-- Default test -->
  </suite> <!-- Default suite -->
</testng-results>
